

	Журнал регистрации ошибок, импортирование файла C:\Users\admin\Documents\GitHub\BatteryContainerProject\Модели\Arduino nano\arduino nano.STEP.

#1 147 Предупреждение: Тороидальная поверхность вырождена.
#2 976 Предупреждение: Тороидальная поверхность вырождена.
#7 482 Предупреждение: Тороидальная поверхность вырождена.
#12 064 Предупреждение: Тороидальная поверхность вырождена.
#14 280 Предупреждение: Тороидальная поверхность вырождена.
#16 099 Предупреждение: Тороидальная поверхность вырождена.
#16 217 Предупреждение: Тороидальная поверхность вырождена.
#19 414 Предупреждение: Тороидальная поверхность вырождена.
#19 943 Предупреждение: Тороидальная поверхность вырождена.
#25 715 Предупреждение: Тороидальная поверхность вырождена.
#29 241 Предупреждение: Тороидальная поверхность вырождена.
#33 847 Предупреждение: Тороидальная поверхность вырождена.
#44 282 Предупреждение: Тороидальная поверхность вырождена.
#46 446 Предупреждение: Тороидальная поверхность вырождена.
#49 237 Предупреждение: Тороидальная поверхность вырождена.
#53 408 Предупреждение: Тороидальная поверхность вырождена.
#53 870 Предупреждение: Тороидальная поверхность вырождена.
#55 474 Предупреждение: Тороидальная поверхность вырождена.
#58 828 Предупреждение: Тороидальная поверхность вырождена.
#66 080 Предупреждение: Тороидальная поверхность вырождена.
#72 523 Предупреждение: Тороидальная поверхность вырождена.
#73 827 Предупреждение: Тороидальная поверхность вырождена.
#74 446 Предупреждение: Тороидальная поверхность вырождена.
#74 546 Предупреждение: Тороидальная поверхность вырождена.
#75 297 Предупреждение: Тороидальная поверхность вырождена.
#77 017 Предупреждение: Тороидальная поверхность вырождена.
#86 473 Предупреждение: Тороидальная поверхность вырождена.
#90 226 Предупреждение: Тороидальная поверхность вырождена.
#94 721 Предупреждение: Тороидальная поверхность вырождена.
#99 024 Предупреждение: Тороидальная поверхность вырождена.
#99 150 Предупреждение: Тороидальная поверхность вырождена.
#99 194 Предупреждение: Тороидальная поверхность вырождена.
#105 796 Предупреждение: Тороидальная поверхность вырождена.
#106 933 Предупреждение: Тороидальная поверхность вырождена.
#107 181 Предупреждение: Тороидальная поверхность вырождена.
#112 893 Предупреждение: Тороидальная поверхность вырождена.
#115 626 Предупреждение: Тороидальная поверхность вырождена.
#116 692 Предупреждение: Тороидальная поверхность вырождена.
#121 455 Предупреждение: Тороидальная поверхность вырождена.
#122 028 Предупреждение: Тороидальная поверхность вырождена.
#122 594 Предупреждение: Тороидальная поверхность вырождена.
#124 992 Предупреждение: Тороидальная поверхность вырождена.
#126 659 Предупреждение: Тороидальная поверхность вырождена.
#136 893 Предупреждение: Тороидальная поверхность вырождена.
#139 086 Предупреждение: Тороидальная поверхность вырождена.
#141 970 Предупреждение: Тороидальная поверхность вырождена.
#142 777 Предупреждение: Тороидальная поверхность вырождена.
#145 203 Предупреждение: Тороидальная поверхность вырождена.
#146 118 Предупреждение: Тороидальная поверхность вырождена.
#151 112 Предупреждение: Тороидальная поверхность вырождена.
#152 959 Предупреждение: Тороидальная поверхность вырождена.
#160 167 Предупреждение: Тороидальная поверхность вырождена.
#161 664 Предупреждение: Тороидальная поверхность вырождена.
#168 795 Предупреждение: Тороидальная поверхность вырождена.
#169 420 Предупреждение: Тороидальная поверхность вырождена.
#170 545 Предупреждение: Тороидальная поверхность вырождена.
#172 891 Предупреждение: Тороидальная поверхность вырождена.
#173 439 Предупреждение: Тороидальная поверхность вырождена.
#176 170 Предупреждение: Тороидальная поверхность вырождена.
#182 973 Предупреждение: Тороидальная поверхность вырождена.
#185 600 Предупреждение: Тороидальная поверхность вырождена.
#192 017 Предупреждение: Тороидальная поверхность вырождена.
#192 360 Предупреждение: Тороидальная поверхность вырождена.
#192 583 Предупреждение: Тороидальная поверхность вырождена.
#194 024 Предупреждение: Тороидальная поверхность вырождена.
#196 684 Предупреждение: Тороидальная поверхность вырождена.
#197 329 Предупреждение: Тороидальная поверхность вырождена.
#198 332 Предупреждение: Тороидальная поверхность вырождена.
#198 415 Предупреждение: Тороидальная поверхность вырождена.
#205 423 Предупреждение: Тороидальная поверхность вырождена.
#208 301 Предупреждение: Тороидальная поверхность вырождена.
#208 913 Предупреждение: Тороидальная поверхность вырождена.
#215 498 Предупреждение: Тороидальная поверхность вырождена.
#216 057 Предупреждение: Тороидальная поверхность вырождена.
#219 206 Предупреждение: Тороидальная поверхность вырождена.
#221 306 Предупреждение: Тороидальная поверхность вырождена.
#218 610 Предупреждение: Исправлена параметризация кривой.
#38 321 Предупреждение: Исправлена параметризация кривой.
#62 081 Предупреждение: Исправлена параметризация кривой.
#64 150 Предупреждение: Исправлена параметризация кривой.
#159 177 Предупреждение: Исправлена параметризация кривой.
#193 533 Предупреждение: Исправлена параметризация кривой.
#171 378 Предупреждение: Исправлена параметризация кривой.
#210 109 Предупреждение: Исправлена параметризация кривой.
#122 336 Предупреждение: Исправлена параметризация кривой.
#73 950 Предупреждение: Исправлена параметризация кривой.
#188 773 Предупреждение: Исправлена параметризация кривой.
#172 415 Предупреждение: Исправлена параметризация кривой.
#148 533 Предупреждение: Исправлена параметризация кривой.
#13 231 Предупреждение: Исправлена параметризация кривой.
#1 618 Предупреждение: Исправлена параметризация кривой.
#195 691 Предупреждение: Исправлена параметризация кривой.
#2 078 Предупреждение: Исправлена параметризация кривой.
#179 238 Предупреждение: Исправлена параметризация кривой.
#207 048 Предупреждение: Исправлена параметризация кривой.
#170 368 Предупреждение: Исправлена параметризация кривой.
#180 217 Предупреждение: Исправлена параметризация кривой.
#203 980 Предупреждение: Исправлена параметризация кривой.
#31 065 Предупреждение: Исправлена параметризация кривой.
#166 346 Предупреждение: Исправлена параметризация кривой.
#218 484 Предупреждение: Исправлена параметризация кривой.
#37 382 Предупреждение: Исправлена параметризация кривой.
#143 103 Предупреждение: Исправлена параметризация кривой.
#131 184 Предупреждение: Исправлена параметризация кривой.
#24 830 Предупреждение: Исправлена параметризация кривой.
#32 062 Предупреждение: Исправлена параметризация кривой.
#142 054 Предупреждение: Исправлена параметризация кривой.
#90 211 Предупреждение: Исправлена параметризация кривой.
#151 064 Предупреждение: Исправлена параметризация кривой.
#145 452 Предупреждение: Исправлена параметризация кривой.
#116 107 Предупреждение: Исправлена параметризация кривой.
#61 052 Предупреждение: Исправлена параметризация кривой.
#59 279 Предупреждение: Исправлена параметризация кривой.
#158 865 Предупреждение: Исправлена параметризация кривой.
#401 Предупреждение: Исправлена параметризация кривой.
#117 078 Предупреждение: Исправлена параметризация кривой.
#72 168 Предупреждение: Исправлена параметризация кривой.
#103 915 Предупреждение: Исправлена параметризация кривой.
#174 830 Предупреждение: Исправлена параметризация кривой.
#83 129 Предупреждение: Исправлена параметризация кривой.
#220 866 Предупреждение: Исправлена параметризация кривой.
#86 969 Предупреждение: Исправлена параметризация кривой.
#213 858 Предупреждение: Исправлена параметризация кривой.
#117 034 Предупреждение: Исправлена параметризация кривой.
#22 326 Предупреждение: Исправлена параметризация кривой.
#48 226 Предупреждение: Исправлена параметризация кривой.
#159 126 Предупреждение: Исправлена параметризация кривой.
#191 362 Предупреждение: Исправлена параметризация кривой.
#136 662 Предупреждение: Исправлена параметризация кривой.
#193 011 Предупреждение: Исправлена параметризация кривой.
#157 540 Предупреждение: Исправлена параметризация кривой.
#160 426 Предупреждение: Исправлена параметризация кривой.
#98 824 Предупреждение: Исправлена параметризация кривой.
#171 337 Предупреждение: Исправлена параметризация кривой.
#124 859 Предупреждение: Исправлена параметризация кривой.
#117 425 Предупреждение: Исправлена параметризация кривой.
#220 389 Предупреждение: Исправлена параметризация кривой.
#113 786 Предупреждение: Исправлена параметризация кривой.
#10 957 Предупреждение: Исправлена параметризация кривой.
#180 898 Предупреждение: Исправлена параметризация кривой.
#140 970 Предупреждение: Исправлена параметризация кривой.
#1 587 Предупреждение: Исправлена параметризация кривой.
#40 744 Предупреждение: Исправлена параметризация кривой.
#116 151 Предупреждение: Исправлена параметризация кривой.
#181 983 Предупреждение: Исправлена параметризация кривой.
#126 953 Предупреждение: Исправлена параметризация кривой.
#81 972 Предупреждение: Исправлена параметризация кривой.
#165 007 Предупреждение: Исправлена параметризация кривой.
#125 532 Предупреждение: Исправлена параметризация кривой.
#169 635 Предупреждение: Исправлена параметризация кривой.
#64 698 Предупреждение: Исправлена параметризация кривой.
#20 034 Предупреждение: Исправлена параметризация кривой.
#83 932 Предупреждение: Исправлена параметризация кривой.
#127 163 Предупреждение: Исправлена параметризация кривой.
#75 832 Предупреждение: Исправлена параметризация кривой.
#147 457 Предупреждение: Исправлена параметризация кривой.
#219 958 Предупреждение: Исправлена параметризация кривой.
#66 139 Предупреждение: Исправлена параметризация кривой.
#73 355 Предупреждение: Исправлена параметризация кривой.
#172 201 Предупреждение: Исправлена параметризация кривой.
#106 602 Предупреждение: Исправлена параметризация кривой.
#158 902 Предупреждение: Исправлена параметризация кривой.
#79 884 Предупреждение: Исправлена параметризация кривой.
#206 067 Предупреждение: Исправлена параметризация кривой.
#9 992 Предупреждение: Исправлена параметризация кривой.
#5 634 Предупреждение: Исправлена параметризация кривой.
#197 075 Предупреждение: Исправлена параметризация кривой.
#220 272 Предупреждение: Исправлена параметризация кривой.
#159 795 Предупреждение: Исправлена параметризация кривой.
#170 104 Предупреждение: Исправлена параметризация кривой.
#160 651 Предупреждение: Исправлена параметризация кривой.
#207 715 Предупреждение: Исправлена параметризация кривой.
#111 133 Предупреждение: Исправлена параметризация кривой.
#149 832 Предупреждение: Исправлена параметризация кривой.
#183 047 Предупреждение: Исправлена параметризация кривой.
#108 502 Предупреждение: Исправлена параметризация кривой.
#190 279 Предупреждение: Исправлена параметризация кривой.
#200 808 Предупреждение: Исправлена параметризация кривой.
#217 315 Предупреждение: Исправлена параметризация кривой.
#73 503 Предупреждение: Исправлена параметризация кривой.
#128 221 Предупреждение: Исправлена параметризация кривой.
#120 280 Предупреждение: Исправлена параметризация кривой.
#118 849 Предупреждение: Исправлена параметризация кривой.
#136 976 Предупреждение: Исправлена параметризация кривой.
#91 290 Предупреждение: Исправлена параметризация кривой.
#54 926 Предупреждение: Исправлена параметризация кривой.
#123 375 Предупреждение: Исправлена параметризация кривой.
#189 313 Предупреждение: Исправлена параметризация кривой.
#151 026 Предупреждение: Исправлена параметризация кривой.
#131 108 Предупреждение: Исправлена параметризация кривой.
#150 816 Предупреждение: Исправлена параметризация кривой.
#110 934 Предупреждение: Исправлена параметризация кривой.
#151 690 Предупреждение: Исправлена параметризация кривой.
#60 314 Предупреждение: Исправлена параметризация кривой.
#157 862 Предупреждение: Исправлена параметризация кривой.
#24 614 Предупреждение: Исправлена параметризация кривой.
#221 521 Предупреждение: Исправлена параметризация кривой.
#191 725 Предупреждение: Исправлена параметризация кривой.
#140 591 Предупреждение: Исправлена параметризация кривой.
#184 123 Предупреждение: Исправлена параметризация кривой.
#108 458 Предупреждение: Исправлена параметризация кривой.
#64 109 Предупреждение: Исправлена параметризация кривой.
#8 174 Предупреждение: Исправлена параметризация кривой.
#56 802 Предупреждение: Исправлена параметризация кривой.
#120 537 Предупреждение: Исправлена параметризация кривой.
#86 535 Предупреждение: Исправлена параметризация кривой.
#165 621 Предупреждение: Исправлена параметризация кривой.
#131 839 Предупреждение: Исправлена параметризация кривой.
#194 267 Предупреждение: Исправлена параметризация кривой.
#147 747 Предупреждение: Исправлена параметризация кривой.
#208 474 Предупреждение: Исправлена параметризация кривой.
#78 414 Предупреждение: Исправлена параметризация кривой.
#151 571 Предупреждение: Исправлена параметризация кривой.
#64 675 Предупреждение: Исправлена параметризация кривой.
#2 272 Предупреждение: Исправлена параметризация кривой.
#163 721 Предупреждение: Исправлена параметризация кривой.
#5 907 Предупреждение: Исправлена параметризация кривой.
#135 829 Предупреждение: Исправлена параметризация кривой.
#161 181 Предупреждение: Исправлена параметризация кривой.
#184 503 Предупреждение: Исправлена параметризация кривой.
#115 948 Предупреждение: Исправлена параметризация кривой.
#197 023 Предупреждение: Исправлена параметризация кривой.
#110 265 Предупреждение: Исправлена параметризация кривой.
#23 362 Предупреждение: Исправлена параметризация кривой.
#143 324 Предупреждение: Исправлена параметризация кривой.
#95 599 Предупреждение: Исправлена параметризация кривой.
#161 865 Предупреждение: Исправлена параметризация кривой.
#138 851 Предупреждение: Исправлена параметризация кривой.
#99 737 Предупреждение: Исправлена параметризация кривой.
#161 062 Предупреждение: Исправлена параметризация кривой.
#221 132 Предупреждение: Исправлена параметризация кривой.
#71 941 Предупреждение: Исправлена параметризация кривой.
#47 502 Предупреждение: Исправлена параметризация кривой.
#195 647 Предупреждение: Исправлена параметризация кривой.
#138 156 Предупреждение: Исправлена параметризация кривой.
#179 629 Предупреждение: Исправлена параметризация кривой.
#68 311 Предупреждение: Исправлена параметризация кривой.
#198 189 Предупреждение: Исправлена параметризация кривой.
#155 516 Предупреждение: Исправлена параметризация кривой.
#68 443 Предупреждение: Исправлена параметризация кривой.
#32 680 Предупреждение: Исправлена параметризация кривой.
#203 834 Предупреждение: Исправлена параметризация кривой.
#161 080 Предупреждение: Исправлена параметризация кривой.
#215 401 Предупреждение: Исправлена параметризация кривой.
#48 184 Предупреждение: Исправлена параметризация кривой.
#28 942 Предупреждение: Исправлена параметризация кривой.
#38 573 Предупреждение: Исправлена параметризация кривой.
#144 906 Предупреждение: Исправлена параметризация кривой.
#99 905 Предупреждение: Исправлена параметризация кривой.
#135 524 Предупреждение: Исправлена параметризация кривой.
#198 319 Предупреждение: Исправлена параметризация кривой.
#212 641 Предупреждение: Исправлена параметризация кривой.
#101 693 Предупреждение: Исправлена параметризация кривой.
#155 856 Предупреждение: Исправлена параметризация кривой.
#174 069 Предупреждение: Исправлена параметризация кривой.
#110 731 Предупреждение: Исправлена параметризация кривой.
#69 672 Предупреждение: Исправлена параметризация кривой.
#12 740 Предупреждение: Исправлена параметризация кривой.
#1 287 Предупреждение: Исправлена параметризация кривой.
#58 575 Предупреждение: Исправлена параметризация кривой.
#106 542 Предупреждение: Исправлена параметризация кривой.
#152 249 Предупреждение: Исправлена параметризация кривой.
#14 740 Предупреждение: Исправлена параметризация кривой.
#45 925 Предупреждение: Исправлена параметризация кривой.
#62 344 Предупреждение: Исправлена параметризация кривой.
#215 823 Предупреждение: Исправлена параметризация кривой.
#220 697 Предупреждение: Исправлена параметризация кривой.
#142 858 Предупреждение: Исправлена параметризация кривой.
#220 179 Предупреждение: Исправлена параметризация кривой.
#104 379 Предупреждение: Исправлена параметризация кривой.
#106 477 Предупреждение: Исправлена параметризация кривой.
#209 352 Предупреждение: Исправлена параметризация кривой.
#97 351 Предупреждение: Исправлена параметризация кривой.
#211 369 Предупреждение: Исправлена параметризация кривой.
#152 753 Предупреждение: Исправлена параметризация кривой.
#54 117 Предупреждение: Исправлена параметризация кривой.
#13 196 Предупреждение: Исправлена параметризация кривой.
#82 459 Предупреждение: Исправлена параметризация кривой.
#98 645 Предупреждение: Исправлена параметризация кривой.
#78 433 Предупреждение: Исправлена параметризация кривой.
#104 335 Предупреждение: Исправлена параметризация кривой.
#218 980 Предупреждение: Исправлена параметризация кривой.
#204 566 Предупреждение: Исправлена параметризация кривой.
#156 971 Предупреждение: Исправлена параметризация кривой.
#38 350 Предупреждение: Исправлена параметризация кривой.
#54 043 Предупреждение: Исправлена параметризация кривой.
#17 968 Предупреждение: Исправлена параметризация кривой.
#195 851 Предупреждение: Исправлена параметризация кривой.
#128 420 Предупреждение: Исправлена параметризация кривой.
#139 146 Предупреждение: Исправлена параметризация кривой.
#180 462 Предупреждение: Исправлена параметризация кривой.
#134 247 Предупреждение: Исправлена параметризация кривой.
#137 316 Предупреждение: Исправлена параметризация кривой.
#5 329 Предупреждение: Исправлена параметризация кривой.
#49 233 Предупреждение: Исправлена параметризация кривой.
#34 906 Предупреждение: Исправлена параметризация кривой.
#170 749 Предупреждение: Исправлена параметризация кривой.
#113 475 Предупреждение: Исправлена параметризация кривой.
#189 488 Предупреждение: Исправлена параметризация кривой.
#118 305 Предупреждение: Исправлена параметризация кривой.
#97 621 Предупреждение: Исправлена параметризация кривой.
#42 970 Предупреждение: Исправлена параметризация кривой.
#209 308 Предупреждение: Исправлена параметризация кривой.
#111 854 Предупреждение: Исправлена параметризация кривой.
#64 661 Предупреждение: Исправлена параметризация кривой.
#132 813 Предупреждение: Исправлена параметризация кривой.
#173 388 Предупреждение: Исправлена параметризация кривой.
#102 613 Предупреждение: Исправлена параметризация кривой.
#176 580 Предупреждение: Исправлена параметризация кривой.
#107 880 Предупреждение: Исправлена параметризация кривой.
#174 664 Предупреждение: Исправлена параметризация кривой.
#200 195 Предупреждение: Исправлена параметризация кривой.
#164 736 Предупреждение: Исправлена параметризация кривой.
#198 525 Предупреждение: Исправлена параметризация кривой.
#21 769 Предупреждение: Исправлена параметризация кривой.
#53 413 Предупреждение: Исправлена параметризация кривой.
#65 403 Предупреждение: Исправлена параметризация кривой.
#34 318 Предупреждение: Исправлена параметризация кривой.
#188 097 Предупреждение: Исправлена параметризация кривой.
#210 027 Предупреждение: Исправлена параметризация кривой.
#214 344 Предупреждение: Исправлена параметризация кривой.
#87 080 Предупреждение: Исправлена параметризация кривой.
#177 109 Предупреждение: Исправлена параметризация кривой.
#148 789 Предупреждение: Исправлена параметризация кривой.
#141 713 Предупреждение: Исправлена параметризация кривой.
#13 393 Предупреждение: Исправлена параметризация кривой.
#155 716 Предупреждение: Исправлена параметризация кривой.
#281 Предупреждение: Исправлена параметризация кривой.
#145 960 Предупреждение: Исправлена параметризация кривой.
#163 243 Предупреждение: Исправлена параметризация кривой.
#126 460 Предупреждение: Исправлена параметризация кривой.
#62 835 Предупреждение: Исправлена параметризация кривой.
#45 734 Предупреждение: Исправлена параметризация кривой.
#157 582 Предупреждение: Исправлена параметризация кривой.
#216 093 Предупреждение: Исправлена параметризация кривой.
#199 803 Предупреждение: Исправлена параметризация кривой.
#170 068 Предупреждение: Исправлена параметризация кривой.
#113 287 Предупреждение: Исправлена параметризация кривой.
#165 561 Предупреждение: Исправлена параметризация кривой.
#220 019 Предупреждение: Исправлена параметризация кривой.
#162 925 Предупреждение: Исправлена параметризация кривой.
#182 047 Предупреждение: Исправлена параметризация кривой.
#82 770 Предупреждение: Исправлена параметризация кривой.
#150 774 Предупреждение: Исправлена параметризация кривой.
#220 350 Предупреждение: Исправлена параметризация кривой.
#63 647 Предупреждение: Исправлена параметризация кривой.
#93 600 Предупреждение: Исправлена параметризация кривой.
#186 199 Предупреждение: Исправлена параметризация кривой.
#212 072 Предупреждение: Исправлена параметризация кривой.
#58 607 Предупреждение: Исправлена параметризация кривой.
#109 326 Предупреждение: Исправлена параметризация кривой.
#121 669 Предупреждение: Исправлена параметризация кривой.
#169 699 Предупреждение: Исправлена параметризация кривой.
#141 408 Предупреждение: Исправлена параметризация кривой.
#5 247 Предупреждение: Исправлена параметризация кривой.
#48 254 Предупреждение: Исправлена параметризация кривой.
#135 138 Предупреждение: Исправлена параметризация кривой.
#109 899 Предупреждение: Исправлена параметризация кривой.
#74 661 Предупреждение: Исправлена параметризация кривой.
#83 996 Предупреждение: Исправлена параметризация кривой.
#50 336 Предупреждение: Исправлена параметризация кривой.
#181 618 Предупреждение: Исправлена параметризация кривой.
#70 984 Предупреждение: Исправлена параметризация кривой.
#201 055 Предупреждение: Исправлена параметризация кривой.
#197 401 Предупреждение: Исправлена параметризация кривой.
#103 Предупреждение: Исправлена параметризация кривой.
#26 991 Предупреждение: Исправлена параметризация кривой.
#38 152 Предупреждение: Исправлена параметризация кривой.
#48 170 Предупреждение: Исправлена параметризация кривой.
#151 629 Предупреждение: Исправлена параметризация кривой.
#205 417 Предупреждение: Исправлена параметризация кривой.
#30 226 Предупреждение: Исправлена параметризация кривой.
#74 255 Предупреждение: Исправлена параметризация кривой.
#12 598 Предупреждение: Исправлена параметризация кривой.
#95 581 Предупреждение: Исправлена параметризация кривой.
#142 869 Предупреждение: Исправлена параметризация кривой.
#3 646 Предупреждение: Исправлена параметризация кривой.
#86 259 Предупреждение: Исправлена параметризация кривой.
#71 424 Предупреждение: Исправлена параметризация кривой.
#152 985 Предупреждение: Исправлена параметризация кривой.
#171 909 Предупреждение: Исправлена параметризация кривой.
#208 107 Предупреждение: Исправлена параметризация кривой.
#49 397 Предупреждение: Исправлена параметризация кривой.
#109 908 Предупреждение: Исправлена параметризация кривой.
#208 520 Предупреждение: Исправлена параметризация кривой.
#57 034 Предупреждение: Исправлена параметризация кривой.
#43 156 Предупреждение: Исправлена параметризация кривой.
#144 635 Предупреждение: Исправлена параметризация кривой.
#59 936 Предупреждение: Исправлена параметризация кривой.
#186 278 Предупреждение: Исправлена параметризация кривой.
#45 711 Предупреждение: Исправлена параметризация кривой.
#65 463 Предупреждение: Исправлена параметризация кривой.
#72 212 Предупреждение: Исправлена параметризация кривой.
#98 077 Предупреждение: Исправлена параметризация кривой.
#10 680 Предупреждение: Исправлена параметризация кривой.
#106 881 Предупреждение: Исправлена параметризация кривой.
#101 670 Предупреждение: Исправлена параметризация кривой.
#74 582 Предупреждение: Исправлена параметризация кривой.
#128 962 Предупреждение: Исправлена параметризация кривой.
#99 664 Предупреждение: Исправлена параметризация кривой.
#131 015 Предупреждение: Исправлена параметризация кривой.
#209 500 Предупреждение: Исправлена параметризация кривой.
#37 781 Предупреждение: Исправлена параметризация кривой.
#89 987 Предупреждение: Исправлена параметризация кривой.
#48 623 Предупреждение: Исправлена параметризация кривой.
#70 677 Предупреждение: Исправлена параметризация кривой.
#151 088 Предупреждение: Исправлена параметризация кривой.
#178 394 Предупреждение: Исправлена параметризация кривой.
#199 743 Предупреждение: Исправлена параметризация кривой.
#149 482 Предупреждение: Исправлена параметризация кривой.
#216 168 Предупреждение: Исправлена параметризация кривой.
#156 380 Предупреждение: Исправлена параметризация кривой.
#201 318 Предупреждение: Исправлена параметризация кривой.
#47 949 Предупреждение: Исправлена параметризация кривой.
#190 828 Предупреждение: Исправлена параметризация кривой.
#43 906 Предупреждение: Исправлена параметризация кривой.
#25 913 Предупреждение: Исправлена параметризация кривой.
#34 585 Предупреждение: Исправлена параметризация кривой.
#7 196 Предупреждение: Исправлена параметризация кривой.
#133 109 Предупреждение: Исправлена параметризация кривой.
#191 521 Предупреждение: Исправлена параметризация кривой.
#55 249 Предупреждение: Исправлена параметризация кривой.
#218 227 Предупреждение: Исправлена параметризация кривой.
#166 039 Предупреждение: Исправлена параметризация кривой.
#7 166 Предупреждение: Исправлена параметризация кривой.
#213 814 Предупреждение: Исправлена параметризация кривой.
#26 970 Предупреждение: Исправлена параметризация кривой.
#129 183 Предупреждение: Исправлена параметризация кривой.
#148 209 Предупреждение: Исправлена параметризация кривой.
#43 922 Предупреждение: Исправлена параметризация кривой.
#90 134 Предупреждение: Исправлена параметризация кривой.
#101 939 Предупреждение: Исправлена параметризация кривой.
#43 513 Предупреждение: Исправлена параметризация кривой.
#123 405 Предупреждение: Исправлена параметризация кривой.
#82 244 Предупреждение: Исправлена параметризация кривой.
#52 153 Предупреждение: Исправлена параметризация кривой.
#40 352 Предупреждение: Исправлена параметризация кривой.
#41 402 Предупреждение: Исправлена параметризация кривой.
#11 533 Предупреждение: Исправлена параметризация кривой.
#76 270 Предупреждение: Исправлена параметризация кривой.
#145 909 Предупреждение: Исправлена параметризация кривой.
#171 878 Предупреждение: Исправлена параметризация кривой.
#17 295 Предупреждение: Исправлена параметризация кривой.
#102 496 Предупреждение: Исправлена параметризация кривой.
#165 529 Предупреждение: Исправлена параметризация кривой.
#112 453 Предупреждение: Исправлена параметризация кривой.
#145 033 Предупреждение: Исправлена параметризация кривой.
#85 904 Предупреждение: Исправлена параметризация кривой.
#132 728 Предупреждение: Исправлена параметризация кривой.
#210 612 Предупреждение: Исправлена параметризация кривой.
#197 635 Предупреждение: Исправлена параметризация кривой.
#98 393 Предупреждение: Исправлена параметризация кривой.
#136 388 Предупреждение: Исправлена параметризация кривой.
#10 586 Предупреждение: Исправлена параметризация кривой.
#32 555 Предупреждение: Исправлена параметризация кривой.
#85 524 Предупреждение: Исправлена параметризация кривой.
#8 872 Предупреждение: Исправлена параметризация кривой.
#123 295 Предупреждение: Исправлена параметризация кривой.
#219 030 Предупреждение: Исправлена параметризация кривой.
#181 167 Предупреждение: Исправлена параметризация кривой.
#40 643 Предупреждение: Исправлена параметризация кривой.
#174 149 Предупреждение: Исправлена параметризация кривой.
#59 785 Предупреждение: Исправлена параметризация кривой.
#169 305 Предупреждение: Исправлена параметризация кривой.
#209 822 Предупреждение: Исправлена параметризация кривой.
#33 931 Предупреждение: Исправлена параметризация кривой.
#220 099 Предупреждение: Исправлена параметризация кривой.
#112 418 Предупреждение: Исправлена параметризация кривой.
#186 539 Предупреждение: Исправлена параметризация кривой.
#53 467 Предупреждение: Исправлена параметризация кривой.
#130 788 Предупреждение: Исправлена параметризация кривой.
#114 891 Предупреждение: Исправлена параметризация кривой.
#164 672 Предупреждение: Исправлена параметризация кривой.
#134 117 Предупреждение: Исправлена параметризация кривой.
#177 179 Предупреждение: Исправлена параметризация кривой.
#49 523 Предупреждение: Исправлена параметризация кривой.
#103 533 Предупреждение: Исправлена параметризация кривой.
#111 870 Предупреждение: Исправлена параметризация кривой.
#132 467 Предупреждение: Исправлена параметризация кривой.
#123 068 Предупреждение: Исправлена параметризация кривой.
#22 152 Предупреждение: Исправлена параметризация кривой.
#41 429 Предупреждение: Исправлена параметризация кривой.
#167 526 Предупреждение: Исправлена параметризация кривой.
#162 559 Предупреждение: Исправлена параметризация кривой.
#123 632 Предупреждение: Исправлена параметризация кривой.
#207 199 Предупреждение: Исправлена параметризация кривой.
#182 178 Предупреждение: Исправлена параметризация кривой.
#155 782 Предупреждение: Исправлена параметризация кривой.
#65 869 Предупреждение: Исправлена параметризация кривой.
#155 394 Предупреждение: Исправлена параметризация кривой.
#169 360 Предупреждение: Исправлена параметризация кривой.
#205 017 Предупреждение: Исправлена параметризация кривой.
#168 752 Предупреждение: Исправлена параметризация кривой.
#122 813 Предупреждение: Исправлена параметризация кривой.
#210 495 Предупреждение: Исправлена параметризация кривой.
#173 449 Предупреждение: Исправлена параметризация кривой.
#99 819 Предупреждение: Исправлена параметризация кривой.
#126 907 Предупреждение: Исправлена параметризация кривой.
#218 748 Предупреждение: Исправлена параметризация кривой.
#140 048 Предупреждение: Исправлена параметризация кривой.
#14 422 Предупреждение: Исправлена параметризация кривой.
#95 235 Предупреждение: Исправлена параметризация кривой.
#204 029 Предупреждение: Исправлена параметризация кривой.
#195 518 Предупреждение: Исправлена параметризация кривой.
#210 678 Предупреждение: Исправлена параметризация кривой.
#30 489 Предупреждение: Исправлена параметризация кривой.
#130 256 Предупреждение: Исправлена параметризация кривой.
#51 489 Предупреждение: Исправлена параметризация кривой.
#18 299 Предупреждение: Исправлена параметризация кривой.
#116 606 Предупреждение: Исправлена параметризация кривой.
#73 782 Предупреждение: Исправлена параметризация кривой.
#156 855 Предупреждение: Исправлена параметризация кривой.
#143 390 Предупреждение: Исправлена параметризация кривой.
#185 596 Предупреждение: Исправлена параметризация кривой.
#32 573 Предупреждение: Исправлена параметризация кривой.
#18 535 Предупреждение: Исправлена параметризация кривой.
#137 546 Предупреждение: Исправлена параметризация кривой.
#15 686 Предупреждение: Исправлена параметризация кривой.
#183 748 Предупреждение: Исправлена параметризация кривой.
#120 320 Предупреждение: Исправлена параметризация кривой.
#98 946 Предупреждение: Исправлена параметризация кривой.
#78 307 Предупреждение: Исправлена параметризация кривой.
#118 074 Предупреждение: Исправлена параметризация кривой.
#193 351 Предупреждение: Исправлена параметризация кривой.
#26 903 Предупреждение: Исправлена параметризация кривой.
#68 132 Предупреждение: Исправлена параметризация кривой.
#216 047 Предупреждение: Исправлена параметризация кривой.
#6 927 Предупреждение: Исправлена параметризация кривой.
#128 441 Предупреждение: Исправлена параметризация кривой.
#76 338 Предупреждение: Исправлена параметризация кривой.
#159 654 Предупреждение: Исправлена параметризация кривой.
#217 486 Предупреждение: Исправлена параметризация кривой.
#92 394 Предупреждение: Исправлена параметризация кривой.
#6 457 Предупреждение: Исправлена параметризация кривой.
#10 770 Предупреждение: Исправлена параметризация кривой.
#50 933 Предупреждение: Исправлена параметризация кривой.
#26 091 Предупреждение: Исправлена параметризация кривой.
#164 336 Предупреждение: Исправлена параметризация кривой.
#121 995 Предупреждение: Исправлена параметризация кривой.
#129 239 Предупреждение: Исправлена параметризация кривой.
#129 502 Предупреждение: Исправлена параметризация кривой.
#19 468 Предупреждение: Исправлена параметризация кривой.
#113 244 Предупреждение: Исправлена параметризация кривой.
#7 680 Предупреждение: Исправлена параметризация кривой.
#79 641 Предупреждение: Исправлена параметризация кривой.
#84 551 Предупреждение: Исправлена параметризация кривой.
#75 569 Предупреждение: Исправлена параметризация кривой.
#25 683 Предупреждение: Исправлена параметризация кривой.
#136 766 Предупреждение: Исправлена параметризация кривой.
#150 288 Предупреждение: Исправлена параметризация кривой.
#218 890 Предупреждение: Исправлена параметризация кривой.
#111 980 Предупреждение: Исправлена параметризация кривой.
#168 207 Предупреждение: Исправлена параметризация кривой.
#151 795 Предупреждение: Исправлена параметризация кривой.
#188 317 Предупреждение: Исправлена параметризация кривой.
#139 211 Предупреждение: Исправлена параметризация кривой.
#48 998 Предупреждение: Исправлена параметризация кривой.
#55 272 Предупреждение: Исправлена параметризация кривой.
#121 409 Предупреждение: Исправлена параметризация кривой.
#168 870 Предупреждение: Исправлена параметризация кривой.
#11 679 Предупреждение: Исправлена параметризация кривой.
#37 885 Предупреждение: Исправлена параметризация кривой.
#93 572 Предупреждение: Исправлена параметризация кривой.
#114 230 Предупреждение: Исправлена параметризация кривой.
#114 350 Предупреждение: Исправлена параметризация кривой.
#217 699 Предупреждение: Исправлена параметризация кривой.
#135 021 Предупреждение: Исправлена параметризация кривой.
#66 000 Предупреждение: Исправлена параметризация кривой.
#147 502 Предупреждение: Исправлена параметризация кривой.
#93 979 Предупреждение: Исправлена параметризация кривой.
#121 547 Предупреждение: Исправлена параметризация кривой.
#171 204 Предупреждение: Исправлена параметризация кривой.
#133 930 Предупреждение: Исправлена параметризация кривой.
#128 643 Предупреждение: Исправлена параметризация кривой.
#157 062 Предупреждение: Исправлена параметризация кривой.
#125 754 Предупреждение: Исправлена параметризация кривой.
#154 604 Предупреждение: Исправлена параметризация кривой.
#211 033 Предупреждение: Исправлена параметризация кривой.
#94 077 Предупреждение: Исправлена параметризация кривой.
#18 501 Предупреждение: Исправлена параметризация кривой.
#193 084 Предупреждение: Исправлена параметризация кривой.
#37 032 Предупреждение: Исправлена параметризация кривой.
#208 020 Предупреждение: Исправлена параметризация кривой.
#14 034 Предупреждение: Исправлена параметризация кривой.
#216 692 Предупреждение: Исправлена параметризация кривой.
#98 156 Предупреждение: Исправлена параметризация кривой.
#73 039 Предупреждение: Исправлена параметризация кривой.
#192 803 Предупреждение: Исправлена параметризация кривой.
#107 925 Предупреждение: Исправлена параметризация кривой.
#181 147 Предупреждение: Исправлена параметризация кривой.
#71 130 Предупреждение: Исправлена параметризация кривой.
#103 811 Предупреждение: Исправлена параметризация кривой.
#130 914 Предупреждение: Исправлена параметризация кривой.
#202 925 Предупреждение: Исправлена параметризация кривой.
#27 395 Предупреждение: Исправлена параметризация кривой.
#107 422 Предупреждение: Исправлена параметризация кривой.
#109 736 Предупреждение: Исправлена параметризация кривой.
#176 623 Предупреждение: Исправлена параметризация кривой.
#55 319 Предупреждение: Исправлена параметризация кривой.
#157 111 Предупреждение: Исправлена параметризация кривой.
#78 652 Предупреждение: Исправлена параметризация кривой.
#39 490 Предупреждение: Исправлена параметризация кривой.
#116 756 Предупреждение: Исправлена параметризация кривой.
#121 592 Предупреждение: Исправлена параметризация кривой.
#21 437 Предупреждение: Исправлена параметризация кривой.
#30 319 Предупреждение: Исправлена параметризация кривой.
#176 115 Предупреждение: Исправлена параметризация кривой.
#150 329 Предупреждение: Исправлена параметризация кривой.
#144 092 Предупреждение: Исправлена параметризация кривой.
#194 027 Предупреждение: Исправлена параметризация кривой.
#205 278 Предупреждение: Исправлена параметризация кривой.
#206 727 Предупреждение: Исправлена параметризация кривой.
#141 168 Предупреждение: Исправлена параметризация кривой.
#180 442 Предупреждение: Исправлена параметризация кривой.
#88 773 Предупреждение: Исправлена параметризация кривой.
#132 987 Предупреждение: Исправлена параметризация кривой.
#139 862 Предупреждение: Исправлена параметризация кривой.
#125 919 Предупреждение: Исправлена параметризация кривой.
#14 965 Предупреждение: Исправлена параметризация кривой.
#215 646 Предупреждение: Исправлена параметризация кривой.
#126 177 Предупреждение: Исправлена параметризация кривой.
#111 419 Предупреждение: Исправлена параметризация кривой.
#152 330 Предупреждение: Исправлена параметризация кривой.
#183 799 Предупреждение: Исправлена параметризация кривой.
#18 346 Предупреждение: Исправлена параметризация кривой.
#79 955 Предупреждение: Исправлена параметризация кривой.
#10 945 Предупреждение: Исправлена параметризация кривой.
#205 514 Предупреждение: Исправлена параметризация кривой.
#64 614 Предупреждение: Исправлена параметризация кривой.
#166 018 Предупреждение: Исправлена параметризация кривой.
#83 943 Предупреждение: Исправлена параметризация кривой.
#78 377 Предупреждение: Исправлена параметризация кривой.
#151 258 Предупреждение: Исправлена параметризация кривой.
#187 584 Предупреждение: Исправлена параметризация кривой.
#88 064 Предупреждение: Исправлена параметризация кривой.
#207 019 Предупреждение: Исправлена параметризация кривой.
#80 477 Предупреждение: Исправлена параметризация кривой.
#58 552 Предупреждение: Исправлена параметризация кривой.
#44 905 Предупреждение: Исправлена параметризация кривой.
#162 378 Предупреждение: Исправлена параметризация кривой.
#6 607 Предупреждение: Исправлена параметризация кривой.
#144 481 Предупреждение: Исправлена параметризация кривой.
#94 777 Предупреждение: Исправлена параметризация кривой.
#81 214 Предупреждение: Исправлена параметризация кривой.
#210 580 Предупреждение: Исправлена параметризация кривой.
#73 069 Предупреждение: Исправлена параметризация кривой.
#76 122 Предупреждение: Исправлена параметризация кривой.
#27 486 Предупреждение: Исправлена параметризация кривой.
#187 105 Предупреждение: Исправлена параметризация кривой.
#107 971 Предупреждение: Исправлена параметризация кривой.
#1 115 Предупреждение: Исправлена параметризация кривой.
#44 860 Предупреждение: Исправлена параметризация кривой.
#128 386 Предупреждение: Исправлена параметризация кривой.
#33 864 Предупреждение: Исправлена параметризация кривой.
#33 585 Предупреждение: Исправлена параметризация кривой.
#217 782 Предупреждение: Исправлена параметризация кривой.
#89 710 Предупреждение: Исправлена параметризация кривой.
#184 274 Предупреждение: Исправлена параметризация кривой.
#122 051 Предупреждение: Исправлена параметризация кривой.
#148 333 Предупреждение: Исправлена параметризация кривой.
#89 560 Предупреждение: Исправлена параметризация кривой.
#43 390 Предупреждение: Исправлена параметризация кривой.
#108 060 Предупреждение: Исправлена параметризация кривой.
#65 327 Предупреждение: Исправлена параметризация кривой.
#116 054 Предупреждение: Исправлена параметризация кривой.
#109 134 Предупреждение: Исправлена параметризация кривой.
#201 928 Предупреждение: Исправлена параметризация кривой.
#88 077 Предупреждение: Исправлена параметризация кривой.
#78 795 Предупреждение: Исправлена параметризация кривой.
#109 265 Предупреждение: Исправлена параметризация кривой.
#13 535 Предупреждение: Исправлена параметризация кривой.
#118 048 Предупреждение: Исправлена параметризация кривой.
#170 604 Предупреждение: Исправлена параметризация кривой.
#82 416 Предупреждение: Исправлена параметризация кривой.
#158 729 Предупреждение: Исправлена параметризация кривой.
#192 119 Предупреждение: Исправлена параметризация кривой.
#150 730 Предупреждение: Исправлена параметризация кривой.
#108 934 Предупреждение: Исправлена параметризация кривой.
#208 248 Предупреждение: Исправлена параметризация кривой.
#115 547 Предупреждение: Исправлена параметризация кривой.
#145 188 Предупреждение: Исправлена параметризация кривой.
#174 441 Предупреждение: Исправлена параметризация кривой.
#40 910 Предупреждение: Исправлена параметризация кривой.
#99 360 Предупреждение: Исправлена параметризация кривой.
#85 282 Предупреждение: Исправлена параметризация кривой.
#44 706 Предупреждение: Исправлена параметризация кривой.
#37 044 Предупреждение: Исправлена параметризация кривой.
#163 477 Предупреждение: Исправлена параметризация кривой.
#31 750 Предупреждение: Исправлена параметризация кривой.
#39 387 Предупреждение: Исправлена параметризация кривой.
#145 385 Предупреждение: Исправлена параметризация кривой.
#85 226 Предупреждение: Исправлена параметризация кривой.
#215 069 Предупреждение: Исправлена параметризация кривой.
#59 546 Предупреждение: Исправлена параметризация кривой.
#2 835 Предупреждение: Исправлена параметризация кривой.
#6 649 Предупреждение: Исправлена параметризация кривой.
#184 753 Предупреждение: Исправлена параметризация кривой.
#123 283 Предупреждение: Исправлена параметризация кривой.
#137 047 Предупреждение: Исправлена параметризация кривой.
#73 575 Предупреждение: Исправлена параметризация кривой.
